<?xml version="1.0" encoding="UTF-8"?>
<!-- Generated by org.testng.reporters.JUnitXMLReporter -->
<testsuite hostname="DESKTOP-JG6BOSJ" ignored="0" name="Test-SamsungJ3" tests="1" failures="1" timestamp="08 Nov 2018 03:37:17 GMT" time="53.445" errors="0">
  <testcase name="feature" time="16.598" classname="vn.teko.appium.cucumber.test.runners.signup.RunSignupFeature">
    <failure type="cucumber.runtime.CucumberException" message="org.openqa.selenium.TimeoutException: Expected condition failed: waiting for visibility of element located by By.id: org.wordpress.android:id/create_site_button (tried for 15 second(s) with 500 milliseconds interval)">
      <![CDATA[cucumber.runtime.CucumberException: org.openqa.selenium.TimeoutException: Expected condition failed: waiting for visibility of element located by By.id: org.wordpress.android:id/create_site_button (tried for 15 second(s) with 500 milliseconds interval)
at cucumber.api.testng.TestNGCucumberRunner.runCucumber(TestNGCucumberRunner.java:69)
at vn.teko.appium.cucumber.test.runners.signup.RunSignupFeature.feature(RunSignupFeature.java:40)
at java.util.concurrent.ThreadPoolExecutor.runWorker(Unknown Source)
at java.util.concurrent.ThreadPoolExecutor$Worker.run(Unknown Source)
at java.lang.Thread.run(Unknown Source)
Caused by: org.openqa.selenium.TimeoutException: Expected condition failed: waiting for visibility of element located by By.id: org.wordpress.android:id/create_site_button (tried for 15 second(s) with 500 milliseconds interval)
at org.openqa.selenium.support.ui.WebDriverWait.timeoutException(WebDriverWait.java:81)
at org.openqa.selenium.support.ui.FluentWait.until(FluentWait.java:271)
at vn.teko.appium.cucumber.pages.base.BasePage.waitVisibility(BasePage.java:70)
at vn.teko.appium.cucumber.pages.signup.WordPressSignUpPage.gotoWPSignUpPage(WordPressSignUpPage.java:29)
at vn.teko.appium.cucumber.steps.signup.WordPressSignUpScenarioSteps.gotoLoginPage(WordPressSignUpScenarioSteps.java:26)
at âœ½.Given User is on sign up page(sign_up.feature:5)
Caused by: org.openqa.selenium.NoSuchElementException: Cannot locate an element using By.id: org.wordpress.android:id/create_site_button
For documentation on this error, please visit: http://seleniumhq.org/exceptions/no_such_element.html
Build info: version: '3.11.0', revision: 'e59cfb3', time: '2018-03-11T20:26:55.152Z'
System info: host: 'DESKTOP-JG6BOSJ', ip: '172.16.60.99', os.name: 'Windows 10', os.arch: 'amd64', os.version: '10.0', java.version: '1.8.0_181'
Driver info: driver.version: unknown
at org.openqa.selenium.support.ui.ExpectedConditions.lambda$findElement$0(ExpectedConditions.java:896)
at java.util.Optional.orElseThrow(Unknown Source)
at org.openqa.selenium.support.ui.ExpectedConditions.findElement(ExpectedConditions.java:895)
at org.openqa.selenium.support.ui.ExpectedConditions.access$000(ExpectedConditions.java:44)
at org.openqa.selenium.support.ui.ExpectedConditions$7.apply(ExpectedConditions.java:206)
at org.openqa.selenium.support.ui.ExpectedConditions$7.apply(ExpectedConditions.java:202)
at org.openqa.selenium.support.ui.FluentWait.until(FluentWait.java:248)
at vn.teko.appium.cucumber.pages.base.BasePage.waitVisibility(BasePage.java:70)
at vn.teko.appium.cucumber.pages.signup.WordPressSignUpPage.gotoWPSignUpPage(WordPressSignUpPage.java:29)
at vn.teko.appium.cucumber.steps.signup.WordPressSignUpScenarioSteps.gotoLoginPage(WordPressSignUpScenarioSteps.java:26)
at cucumber.runtime.Utils$1.call(Utils.java:40)
at cucumber.runtime.Timeout.timeout(Timeout.java:16)
at cucumber.runtime.Utils.invoke(Utils.java:34)
at cucumber.runtime.java.JavaStepDefinition.execute(JavaStepDefinition.java:38)
at cucumber.runtime.StepDefinitionMatch.runStep(StepDefinitionMatch.java:37)
at cucumber.runtime.Runtime.runStep(Runtime.java:300)
at cucumber.runtime.model.StepContainer.runStep(StepContainer.java:44)
at cucumber.runtime.model.StepContainer.runSteps(StepContainer.java:39)
at cucumber.runtime.model.CucumberScenario.run(CucumberScenario.java:44)
at cucumber.runtime.model.CucumberFeature.run(CucumberFeature.java:165)
at cucumber.api.testng.TestNGCucumberRunner.runCucumber(TestNGCucumberRunner.java:63)
at vn.teko.appium.cucumber.test.runners.signup.RunSignupFeature.feature(RunSignupFeature.java:40)
at java.util.concurrent.ThreadPoolExecutor.runWorker(Unknown Source)
at java.util.concurrent.ThreadPoolExecutor$Worker.run(Unknown Source)
at java.lang.Thread.run(Unknown Source)
... Removed 24 stack frames]]>
    </failure>
  </testcase> <!-- feature -->
</testsuite> <!-- Test-SamsungJ3 -->
