<?xml version="1.0" encoding="UTF-8"?>
<testng-results skipped="0" failed="1" ignored="0" total="2" passed="1">
  <reporter-output>
  </reporter-output>
  <suite name="Wordpress-Android-Test-Suite" duration-ms="68509" started-at="2018-11-08T03:36:24Z" finished-at="2018-11-08T03:37:32Z">
    <groups>
      <group name="cucumber">
        <method signature="RunSignupFeature.feature(cucumber.api.testng.CucumberFeatureWrapper)[pri:0, instance:vn.teko.appium.cucumber.test.runners.signup.RunSignupFeature@6b09bb57]" name="feature" class="vn.teko.appium.cucumber.test.runners.signup.RunSignupFeature"/>
        <method signature="RunLoginFeature.feature(cucumber.api.testng.CucumberFeatureWrapper)[pri:0, instance:vn.teko.appium.cucumber.test.runners.login.RunLoginFeature@3701eaf6]" name="feature" class="vn.teko.appium.cucumber.test.runners.login.RunLoginFeature"/>
      </group> <!-- cucumber -->
    </groups>
    <test name="Test-SamsungJ3" duration-ms="53445" started-at="2018-11-08T03:36:24Z" finished-at="2018-11-08T03:37:17Z">
      <class name="vn.teko.appium.cucumber.test.runners.signup.RunSignupFeature">
        <test-method status="PASS" signature="setUpClass()[pri:0, instance:vn.teko.appium.cucumber.test.runners.signup.RunSignupFeature@6b09bb57]" name="setUpClass" is-config="true" duration-ms="219" started-at="2018-11-08T03:36:24Z" finished-at="2018-11-08T03:36:24Z">
          <reporter-output>
          </reporter-output>
        </test-method> <!-- setUpClass -->
        <test-method status="PASS" signature="setup(java.lang.String, java.lang.String)[pri:0, instance:vn.teko.appium.cucumber.test.runners.signup.RunSignupFeature@6b09bb57]" name="setup" is-config="true" duration-ms="33768" started-at="2018-11-08T03:36:24Z" finished-at="2018-11-08T03:36:58Z">
          <params>
            <param index="0">
              <value>
                <![CDATA[SamsungJ3]]>
              </value>
            </param>
            <param index="1">
              <value>
                <![CDATA[5.1.1]]>
              </value>
            </param>
          </params>
          <reporter-output>
          </reporter-output>
        </test-method> <!-- setup -->
        <test-method status="FAIL" signature="feature(cucumber.api.testng.CucumberFeatureWrapper)[pri:0, instance:vn.teko.appium.cucumber.test.runners.signup.RunSignupFeature@6b09bb57]" name="feature" duration-ms="16598" started-at="2018-11-08T03:36:58Z" data-provider="features" finished-at="2018-11-08T03:37:14Z">
          <params>
            <param index="0">
              <value>
                <![CDATA[Sign up page scenarios]]>
              </value>
            </param>
          </params>
          <exception class="cucumber.runtime.CucumberException">
            <message>
              <![CDATA[org.openqa.selenium.TimeoutException: Expected condition failed: waiting for visibility of element located by By.id: org.wordpress.android:id/create_site_button (tried for 15 second(s) with 500 milliseconds interval)]]>
            </message>
            <full-stacktrace>
              <![CDATA[cucumber.runtime.CucumberException: org.openqa.selenium.TimeoutException: Expected condition failed: waiting for visibility of element located by By.id: org.wordpress.android:id/create_site_button (tried for 15 second(s) with 500 milliseconds interval)
at cucumber.api.testng.TestNGCucumberRunner.runCucumber(TestNGCucumberRunner.java:69)
at vn.teko.appium.cucumber.test.runners.signup.RunSignupFeature.feature(RunSignupFeature.java:40)
at sun.reflect.NativeMethodAccessorImpl.invoke0(Native Method)
at sun.reflect.NativeMethodAccessorImpl.invoke(Unknown Source)
at sun.reflect.DelegatingMethodAccessorImpl.invoke(Unknown Source)
at java.lang.reflect.Method.invoke(Unknown Source)
at org.testng.internal.MethodInvocationHelper.invokeMethod(MethodInvocationHelper.java:124)
at org.testng.internal.Invoker.invokeMethod(Invoker.java:583)
at org.testng.internal.Invoker.invokeTestMethod(Invoker.java:719)
at org.testng.internal.Invoker.invokeTestMethods(Invoker.java:989)
at org.testng.internal.TestMethodWorker.invokeTestMethods(TestMethodWorker.java:125)
at org.testng.internal.TestMethodWorker.run(TestMethodWorker.java:109)
at java.util.concurrent.ThreadPoolExecutor.runWorker(Unknown Source)
at java.util.concurrent.ThreadPoolExecutor$Worker.run(Unknown Source)
at java.lang.Thread.run(Unknown Source)
Caused by: org.openqa.selenium.TimeoutException: Expected condition failed: waiting for visibility of element located by By.id: org.wordpress.android:id/create_site_button (tried for 15 second(s) with 500 milliseconds interval)
at org.openqa.selenium.support.ui.WebDriverWait.timeoutException(WebDriverWait.java:81)
at org.openqa.selenium.support.ui.FluentWait.until(FluentWait.java:271)
at vn.teko.appium.cucumber.pages.base.BasePage.waitVisibility(BasePage.java:70)
at vn.teko.appium.cucumber.pages.signup.WordPressSignUpPage.gotoWPSignUpPage(WordPressSignUpPage.java:29)
at vn.teko.appium.cucumber.steps.signup.WordPressSignUpScenarioSteps.gotoLoginPage(WordPressSignUpScenarioSteps.java:26)
at âœ½.Given User is on sign up page(sign_up.feature:5)
Caused by: org.openqa.selenium.NoSuchElementException: Cannot locate an element using By.id: org.wordpress.android:id/create_site_button
For documentation on this error, please visit: http://seleniumhq.org/exceptions/no_such_element.html
Build info: version: '3.11.0', revision: 'e59cfb3', time: '2018-03-11T20:26:55.152Z'
System info: host: 'DESKTOP-JG6BOSJ', ip: '172.16.60.99', os.name: 'Windows 10', os.arch: 'amd64', os.version: '10.0', java.version: '1.8.0_181'
Driver info: driver.version: unknown
at org.openqa.selenium.support.ui.ExpectedConditions.lambda$findElement$0(ExpectedConditions.java:896)
at java.util.Optional.orElseThrow(Unknown Source)
at org.openqa.selenium.support.ui.ExpectedConditions.findElement(ExpectedConditions.java:895)
at org.openqa.selenium.support.ui.ExpectedConditions.access$000(ExpectedConditions.java:44)
at org.openqa.selenium.support.ui.ExpectedConditions$7.apply(ExpectedConditions.java:206)
at org.openqa.selenium.support.ui.ExpectedConditions$7.apply(ExpectedConditions.java:202)
at org.openqa.selenium.support.ui.FluentWait.until(FluentWait.java:248)
at vn.teko.appium.cucumber.pages.base.BasePage.waitVisibility(BasePage.java:70)
at vn.teko.appium.cucumber.pages.signup.WordPressSignUpPage.gotoWPSignUpPage(WordPressSignUpPage.java:29)
at vn.teko.appium.cucumber.steps.signup.WordPressSignUpScenarioSteps.gotoLoginPage(WordPressSignUpScenarioSteps.java:26)
at sun.reflect.NativeMethodAccessorImpl.invoke0(Native Method)
at sun.reflect.NativeMethodAccessorImpl.invoke(Unknown Source)
at sun.reflect.DelegatingMethodAccessorImpl.invoke(Unknown Source)
at java.lang.reflect.Method.invoke(Unknown Source)
at cucumber.runtime.Utils$1.call(Utils.java:40)
at cucumber.runtime.Timeout.timeout(Timeout.java:16)
at cucumber.runtime.Utils.invoke(Utils.java:34)
at cucumber.runtime.java.JavaStepDefinition.execute(JavaStepDefinition.java:38)
at cucumber.runtime.StepDefinitionMatch.runStep(StepDefinitionMatch.java:37)
at cucumber.runtime.Runtime.runStep(Runtime.java:300)
at cucumber.runtime.model.StepContainer.runStep(StepContainer.java:44)
at cucumber.runtime.model.StepContainer.runSteps(StepContainer.java:39)
at cucumber.runtime.model.CucumberScenario.run(CucumberScenario.java:44)
at cucumber.runtime.model.CucumberFeature.run(CucumberFeature.java:165)
at cucumber.api.testng.TestNGCucumberRunner.runCucumber(TestNGCucumberRunner.java:63)
at vn.teko.appium.cucumber.test.runners.signup.RunSignupFeature.feature(RunSignupFeature.java:40)
at sun.reflect.NativeMethodAccessorImpl.invoke0(Native Method)
at sun.reflect.NativeMethodAccessorImpl.invoke(Unknown Source)
at sun.reflect.DelegatingMethodAccessorImpl.invoke(Unknown Source)
at java.lang.reflect.Method.invoke(Unknown Source)
at org.testng.internal.MethodInvocationHelper.invokeMethod(MethodInvocationHelper.java:124)
at org.testng.internal.Invoker.invokeMethod(Invoker.java:583)
at org.testng.internal.Invoker.invokeTestMethod(Invoker.java:719)
at org.testng.internal.Invoker.invokeTestMethods(Invoker.java:989)
at org.testng.internal.TestMethodWorker.invokeTestMethods(TestMethodWorker.java:125)
at org.testng.internal.TestMethodWorker.run(TestMethodWorker.java:109)
at java.util.concurrent.ThreadPoolExecutor.runWorker(Unknown Source)
at java.util.concurrent.ThreadPoolExecutor$Worker.run(Unknown Source)
at java.lang.Thread.run(Unknown Source)
]]>
            </full-stacktrace>
          </exception> <!-- cucumber.runtime.CucumberException -->
          <reporter-output>
          </reporter-output>
        </test-method> <!-- feature -->
        <test-method status="PASS" signature="teardown()[pri:0, instance:vn.teko.appium.cucumber.test.runners.signup.RunSignupFeature@6b09bb57]" name="teardown" is-config="true" duration-ms="2736" started-at="2018-11-08T03:37:14Z" finished-at="2018-11-08T03:37:17Z">
          <reporter-output>
          </reporter-output>
        </test-method> <!-- teardown -->
        <test-method status="PASS" signature="tearDownClass()[pri:0, instance:vn.teko.appium.cucumber.test.runners.signup.RunSignupFeature@6b09bb57]" name="tearDownClass" is-config="true" duration-ms="22" started-at="2018-11-08T03:37:17Z" finished-at="2018-11-08T03:37:17Z">
          <reporter-output>
          </reporter-output>
        </test-method> <!-- tearDownClass -->
      </class> <!-- vn.teko.appium.cucumber.test.runners.signup.RunSignupFeature -->
    </test> <!-- Test-SamsungJ3 -->
    <test name="Test-AndroidPad" duration-ms="68509" started-at="2018-11-08T03:36:24Z" finished-at="2018-11-08T03:37:32Z">
      <class name="vn.teko.appium.cucumber.test.runners.login.RunLoginFeature">
        <test-method status="PASS" signature="setUpClass()[pri:0, instance:vn.teko.appium.cucumber.test.runners.login.RunLoginFeature@3701eaf6]" name="setUpClass" is-config="true" duration-ms="219" started-at="2018-11-08T03:36:24Z" finished-at="2018-11-08T03:36:24Z">
          <reporter-output>
          </reporter-output>
        </test-method> <!-- setUpClass -->
        <test-method status="PASS" signature="setup(java.lang.String, java.lang.String)[pri:0, instance:vn.teko.appium.cucumber.test.runners.login.RunLoginFeature@3701eaf6]" name="setup" is-config="true" duration-ms="51405" started-at="2018-11-08T03:36:24Z" finished-at="2018-11-08T03:37:15Z">
          <params>
            <param index="0">
              <value>
                <![CDATA[AndroidPad]]>
              </value>
            </param>
            <param index="1">
              <value>
                <![CDATA[7.0]]>
              </value>
            </param>
          </params>
          <reporter-output>
          </reporter-output>
        </test-method> <!-- setup -->
        <test-method status="PASS" signature="feature(cucumber.api.testng.CucumberFeatureWrapper)[pri:0, instance:vn.teko.appium.cucumber.test.runners.login.RunLoginFeature@3701eaf6]" name="feature" duration-ms="10914" started-at="2018-11-08T03:37:15Z" data-provider="features" finished-at="2018-11-08T03:37:26Z">
          <params>
            <param index="0">
              <value>
                <![CDATA[Login page scenarios]]>
              </value>
            </param>
          </params>
          <reporter-output>
          </reporter-output>
        </test-method> <!-- feature -->
        <test-method status="PASS" signature="teardown()[pri:0, instance:vn.teko.appium.cucumber.test.runners.login.RunLoginFeature@3701eaf6]" name="teardown" is-config="true" duration-ms="5859" started-at="2018-11-08T03:37:26Z" finished-at="2018-11-08T03:37:32Z">
          <reporter-output>
          </reporter-output>
        </test-method> <!-- teardown -->
        <test-method status="PASS" signature="tearDownClass()[pri:0, instance:vn.teko.appium.cucumber.test.runners.login.RunLoginFeature@3701eaf6]" name="tearDownClass" is-config="true" duration-ms="14" started-at="2018-11-08T03:37:32Z" finished-at="2018-11-08T03:37:32Z">
          <reporter-output>
          </reporter-output>
        </test-method> <!-- tearDownClass -->
      </class> <!-- vn.teko.appium.cucumber.test.runners.login.RunLoginFeature -->
    </test> <!-- Test-AndroidPad -->
  </suite> <!-- Wordpress-Android-Test-Suite -->
</testng-results>
